<?xml version="1.0" encoding="UTF-8"?>
<testng-results ignored="0" total="1" passed="1" failed="0" skipped="0">
  <reporter-output>
  </reporter-output>
  <suite started-at="2019-11-16T12:56:27Z" name="Default suite" finished-at="2019-11-16T12:56:27Z" duration-ms="48">
    <groups>
    </groups>
    <test started-at="2019-11-16T12:56:27Z" name="Default test" finished-at="2019-11-16T12:56:27Z" duration-ms="48">
      <class name="jenkins.NewTest">
        <test-method signature="launchBrowser()[pri:0, instance:jenkins.NewTest@6156496]" started-at="2019-11-16T12:56:27Z" name="launchBrowser" finished-at="2019-11-16T12:56:27Z" duration-ms="18" status="PASS">
          <reporter-output>
          </reporter-output>
        </test-method> <!-- launchBrowser -->
      </class> <!-- jenkins.NewTest -->
    </test> <!-- Default test -->
  </suite> <!-- Default suite -->
</testng-results>
